# Logfile created on 2019-03-25 00:49:50 +0100 by logger.rb/66358
  INFO ---------------------------------------------------------------------------
  INFO START 2019-03-25 00:49:50 +0100 cap staging deploy
  INFO ---------------------------------------------------------------------------
  INFO [06d75a9a] Running /usr/bin/env mkdir -p /tmp/mda/ as jminguely@ssh-jminguely.alwaysdata.net
  INFO [f4de773f] Finished in 0.591 seconds with exit status 0 (successful).
  INFO Uploading /tmp/mda/git-ssh.sh 100.0%
  INFO [3e3dbb0a] Running /usr/bin/env chmod +rx /tmp/mda/git-ssh.sh as jminguely@ssh-jminguely.alwaysdata.net
  INFO [a9a81e4b] Finished in 0.131 seconds with exit status 0 (successful).
  INFO [b852c2e3] Running /usr/bin/env git ls-remote --heads git@github.com:jminguely/dimitrikas.git as jminguely@ssh-jminguely.alwaysdata.net
  INFO [4e3fc782] Finished in 1.548 seconds with exit status 0 (successful).
  INFO [70f7115b] Running /usr/bin/env mkdir -p /home/jminguely/www/mda/shared /home/jminguely/www/mda/releases as jminguely@ssh-jminguely.alwaysdata.net
  INFO [894a43cc] Finished in 0.134 seconds with exit status 0 (successful).
  INFO [da047581] Running /usr/bin/env mkdir -p /home/jminguely/www/mda/shared/htdocs/content/uploads as jminguely@ssh-jminguely.alwaysdata.net
  INFO [e8116600] Finished in 0.162 seconds with exit status 0 (successful).
  INFO [5a2143a7] Running /usr/bin/env mkdir -p /home/jminguely/www/mda/shared /home/jminguely/www/mda/shared/htdocs as jminguely@ssh-jminguely.alwaysdata.net
  INFO [9f363472] Finished in 0.151 seconds with exit status 0 (successful).
 ERROR linked file /home/jminguely/www/mda/shared/.env does not exist on ssh-jminguely.alwaysdata.net
  INFO ---------------------------------------------------------------------------
  INFO START 2019-03-25 00:52:05 +0100 cap staging deploy
  INFO ---------------------------------------------------------------------------
  INFO [194a1ab4] Running /usr/bin/env mkdir -p /tmp/mda/ as jminguely@ssh-jminguely.alwaysdata.net
  INFO [25408727] Finished in 0.544 seconds with exit status 0 (successful).
  INFO Uploading /tmp/mda/git-ssh.sh 100.0%
  INFO [a76fe3c6] Running /usr/bin/env chmod +rx /tmp/mda/git-ssh.sh as jminguely@ssh-jminguely.alwaysdata.net
  INFO [8f928a7d] Finished in 0.149 seconds with exit status 0 (successful).
  INFO [24d49734] Running /usr/bin/env git ls-remote --heads git@github.com:jminguely/dimitrikas.git as jminguely@ssh-jminguely.alwaysdata.net
  INFO [40975ac8] Finished in 1.516 seconds with exit status 0 (successful).
  INFO [af46c1f4] Running /usr/bin/env mkdir -p /home/jminguely/www/mda/shared /home/jminguely/www/mda/releases as jminguely@ssh-jminguely.alwaysdata.net
  INFO [977c10f5] Finished in 0.148 seconds with exit status 0 (successful).
  INFO [c4dd3774] Running /usr/bin/env mkdir -p /home/jminguely/www/mda/shared/htdocs/content/uploads as jminguely@ssh-jminguely.alwaysdata.net
  INFO [73952978] Finished in 0.142 seconds with exit status 0 (successful).
  INFO [dd72ca47] Running /usr/bin/env mkdir -p /home/jminguely/www/mda/shared /home/jminguely/www/mda/shared/htdocs as jminguely@ssh-jminguely.alwaysdata.net
  INFO [32166147] Finished in 0.147 seconds with exit status 0 (successful).
 ERROR linked file /home/jminguely/www/mda/shared/htdocs/.htaccess does not exist on ssh-jminguely.alwaysdata.net
  INFO ---------------------------------------------------------------------------
  INFO START 2019-03-25 00:52:37 +0100 cap staging deploy
  INFO ---------------------------------------------------------------------------
  INFO [baa95b65] Running /usr/bin/env mkdir -p /tmp/mda/ as jminguely@ssh-jminguely.alwaysdata.net
  INFO [7be8af21] Finished in 0.489 seconds with exit status 0 (successful).
  INFO Uploading /tmp/mda/git-ssh.sh 100.0%
  INFO [3fad9ff4] Running /usr/bin/env chmod +rx /tmp/mda/git-ssh.sh as jminguely@ssh-jminguely.alwaysdata.net
  INFO [5872d691] Finished in 0.142 seconds with exit status 0 (successful).
  INFO [7e8f541f] Running /usr/bin/env git ls-remote --heads git@github.com:jminguely/dimitrikas.git as jminguely@ssh-jminguely.alwaysdata.net
  INFO [213a82ce] Finished in 1.361 seconds with exit status 0 (successful).
  INFO [a1be1b95] Running /usr/bin/env mkdir -p /home/jminguely/www/mda/shared /home/jminguely/www/mda/releases as jminguely@ssh-jminguely.alwaysdata.net
  INFO [b51791d1] Finished in 0.160 seconds with exit status 0 (successful).
  INFO [fd450205] Running /usr/bin/env mkdir -p /home/jminguely/www/mda/shared/htdocs/content/uploads as jminguely@ssh-jminguely.alwaysdata.net
  INFO [882fcc98] Finished in 0.148 seconds with exit status 0 (successful).
  INFO [ea8dc2e1] Running /usr/bin/env mkdir -p /home/jminguely/www/mda/shared /home/jminguely/www/mda/shared/htdocs as jminguely@ssh-jminguely.alwaysdata.net
  INFO [9e3a3b35] Finished in 0.147 seconds with exit status 0 (successful).
  INFO [23dc1e2d] Running /usr/bin/env git clone --mirror git@github.com:jminguely/dimitrikas.git /home/jminguely/www/mda/repo as jminguely@ssh-jminguely.alwaysdata.net
  INFO [1aee2256] Finished in 3.330 seconds with exit status 0 (successful).
  INFO [5c8aabd1] Running /usr/bin/env git remote update --prune as jminguely@ssh-jminguely.alwaysdata.net
  INFO [95352422] Finished in 1.406 seconds with exit status 0 (successful).
  INFO [70ef77c5] Running /usr/bin/env mkdir -p /home/jminguely/www/mda/releases/20190324235240 as jminguely@ssh-jminguely.alwaysdata.net
  INFO [4e5e97ab] Finished in 0.160 seconds with exit status 0 (successful).
  INFO [9d3d1695] Running /usr/bin/env git archive dev | tar -x -f - -C /home/jminguely/www/mda/releases/20190324235240 as jminguely@ssh-jminguely.alwaysdata.net
  INFO [c6fd7ec6] Finished in 3.014 seconds with exit status 0 (successful).
  INFO [3b362e3b] Running /usr/bin/env echo "b34ca55a3d2a8dbcec19415e65c46ddc70d3ed48" >> REVISION as jminguely@ssh-jminguely.alwaysdata.net
  INFO [c7d4526c] Finished in 0.142 seconds with exit status 0 (successful).
  INFO [285d2c79] Running /usr/bin/env mkdir -p /home/jminguely/www/mda/releases/20190324235240 /home/jminguely/www/mda/releases/20190324235240/htdocs as jminguely@ssh-jminguely.alwaysdata.net
  INFO [fe70bde1] Finished in 0.160 seconds with exit status 0 (successful).
  INFO [c2ef511a] Running /usr/bin/env ln -s /home/jminguely/www/mda/shared/.env /home/jminguely/www/mda/releases/20190324235240/.env as jminguely@ssh-jminguely.alwaysdata.net
  INFO [f4058fa2] Finished in 0.186 seconds with exit status 0 (successful).
  INFO [b45684bd] Running /usr/bin/env rm /home/jminguely/www/mda/releases/20190324235240/htdocs/.htaccess as jminguely@ssh-jminguely.alwaysdata.net
  INFO [80ae5667] Finished in 0.149 seconds with exit status 0 (successful).
  INFO [0056f37b] Running /usr/bin/env ln -s /home/jminguely/www/mda/shared/htdocs/.htaccess /home/jminguely/www/mda/releases/20190324235240/htdocs/.htaccess as jminguely@ssh-jminguely.alwaysdata.net
  INFO [354c94a1] Finished in 0.162 seconds with exit status 0 (successful).
  INFO [ef131801] Running /usr/bin/env mkdir -p /home/jminguely/www/mda/releases/20190324235240/htdocs/content as jminguely@ssh-jminguely.alwaysdata.net
  INFO [e68c8419] Finished in 0.151 seconds with exit status 0 (successful).
  INFO [f8bee05b] Running /usr/bin/env ln -s /home/jminguely/www/mda/shared/htdocs/content/uploads /home/jminguely/www/mda/releases/20190324235240/htdocs/content/uploads as jminguely@ssh-jminguely.alwaysdata.net
  INFO [98419d6a] Finished in 0.174 seconds with exit status 0 (successful).
  INFO [6830be94] Running php /home/jminguely/www/mda/shared/composer.phar install --no-dev --prefer-dist --no-interaction --quiet --optimize-autoloader as jminguely@ssh-jminguely.alwaysdata.net
  INFO ---------------------------------------------------------------------------
  INFO START 2019-03-25 00:54:24 +0100 cap staging deploy
  INFO ---------------------------------------------------------------------------
  INFO [8ece07e8] Running /usr/bin/env mkdir -p /tmp/mda/ as jminguely@ssh-jminguely.alwaysdata.net
  INFO [919ad929] Finished in 0.495 seconds with exit status 0 (successful).
  INFO Uploading /tmp/mda/git-ssh.sh 100.0%
  INFO [8e922b8c] Running /usr/bin/env chmod +rx /tmp/mda/git-ssh.sh as jminguely@ssh-jminguely.alwaysdata.net
  INFO [fa452b8e] Finished in 0.145 seconds with exit status 0 (successful).
  INFO [138eab34] Running /usr/bin/env git ls-remote --heads git@github.com:jminguely/dimitrikas.git as jminguely@ssh-jminguely.alwaysdata.net
  INFO [0ed3d33a] Finished in 1.445 seconds with exit status 0 (successful).
  INFO [7ab01449] Running /usr/bin/env mkdir -p /home/jminguely/www/mda/shared /home/jminguely/www/mda/releases as jminguely@ssh-jminguely.alwaysdata.net
  INFO [5cad91d3] Finished in 0.149 seconds with exit status 0 (successful).
  INFO [3090a660] Running /usr/bin/env mkdir -p /home/jminguely/www/mda/shared/htdocs/content/uploads as jminguely@ssh-jminguely.alwaysdata.net
  INFO [14c6466d] Finished in 0.165 seconds with exit status 0 (successful).
  INFO [ec4a3158] Running /usr/bin/env mkdir -p /home/jminguely/www/mda/shared /home/jminguely/www/mda/shared/htdocs as jminguely@ssh-jminguely.alwaysdata.net
  INFO [4bd287da] Finished in 0.147 seconds with exit status 0 (successful).
  INFO The repository mirror is at /home/jminguely/www/mda/repo
  INFO [844fe458] Running /usr/bin/env git remote update --prune as jminguely@ssh-jminguely.alwaysdata.net
  INFO [698066a7] Finished in 2.576 seconds with exit status 0 (successful).
  INFO [9a99cf54] Running /usr/bin/env mkdir -p /home/jminguely/www/mda/releases/20190324235427 as jminguely@ssh-jminguely.alwaysdata.net
  INFO [260c71da] Finished in 0.143 seconds with exit status 0 (successful).
  INFO [1733dc82] Running /usr/bin/env git archive dev | tar -x -f - -C /home/jminguely/www/mda/releases/20190324235427 as jminguely@ssh-jminguely.alwaysdata.net
  INFO [fd792851] Finished in 2.898 seconds with exit status 0 (successful).
  INFO [4e2d0cee] Running /usr/bin/env echo "b34ca55a3d2a8dbcec19415e65c46ddc70d3ed48" >> REVISION as jminguely@ssh-jminguely.alwaysdata.net
  INFO [59ab825f] Finished in 0.139 seconds with exit status 0 (successful).
  INFO [278fbff5] Running /usr/bin/env mkdir -p /home/jminguely/www/mda/releases/20190324235427 /home/jminguely/www/mda/releases/20190324235427/htdocs as jminguely@ssh-jminguely.alwaysdata.net
  INFO [ce99c1e2] Finished in 0.141 seconds with exit status 0 (successful).
  INFO [d764ae39] Running /usr/bin/env ln -s /home/jminguely/www/mda/shared/.env /home/jminguely/www/mda/releases/20190324235427/.env as jminguely@ssh-jminguely.alwaysdata.net
  INFO [2bde02fd] Finished in 0.144 seconds with exit status 0 (successful).
  INFO [2bce4881] Running /usr/bin/env rm /home/jminguely/www/mda/releases/20190324235427/htdocs/.htaccess as jminguely@ssh-jminguely.alwaysdata.net
  INFO [5bb17f02] Finished in 0.150 seconds with exit status 0 (successful).
  INFO [9ddc8b41] Running /usr/bin/env ln -s /home/jminguely/www/mda/shared/htdocs/.htaccess /home/jminguely/www/mda/releases/20190324235427/htdocs/.htaccess as jminguely@ssh-jminguely.alwaysdata.net
  INFO [6389f7fe] Finished in 0.152 seconds with exit status 0 (successful).
  INFO [7d7b1610] Running /usr/bin/env mkdir -p /home/jminguely/www/mda/releases/20190324235427/htdocs/content as jminguely@ssh-jminguely.alwaysdata.net
  INFO [e22b69ce] Finished in 0.143 seconds with exit status 0 (successful).
  INFO [ffec0e10] Running /usr/bin/env ln -s /home/jminguely/www/mda/shared/htdocs/content/uploads /home/jminguely/www/mda/releases/20190324235427/htdocs/content/uploads as jminguely@ssh-jminguely.alwaysdata.net
  INFO [1c727c9f] Finished in 0.155 seconds with exit status 0 (successful).
  INFO [eed1a346] Running php /home/jminguely/www/mda/shared/composer.phar install --no-dev --prefer-dist --no-interaction --quiet --optimize-autoloader as jminguely@ssh-jminguely.alwaysdata.net
  INFO [de8af296] Finished in 44.605 seconds with exit status 0 (successful).
